<?xml version="1.0" encoding="UTF-8"?>
<!-- Generated by org.testng.reporters.JUnitXMLReporter -->
<testsuite ignored="0" hostname="Suhasini_Raj" failures="0" tests="2" name="Default test" time="7.952" errors="0" timestamp="2024-04-16T21:52:18 IST">
  <testcase classname="Suhasiniraj.SeleniumFramework2.SubmitOrderTest" name="submitOrder" time="3.262"/>
  <testcase classname="Suhasiniraj.SeleniumFramework2.SubmitOrderTest" name="OrderHistoryTest" time="0.412"/>
</testsuite> <!-- Default test -->
