<?xml version="1.0" encoding="UTF-8"?>
<!-- Generated by org.testng.reporters.JUnitXMLReporter -->
<testsuite ignored="0" hostname="Suhasini_Raj" failures="0" tests="3" name="SubmitOrderTest" time="14.313" errors="0" timestamp="2024-04-19T20:35:07 IST">
  <testcase classname="Suhasiniraj.SeleniumFramework2.SubmitOrderTest" name="submitOrder" time="3.348"/>
  <testcase classname="Suhasiniraj.SeleniumFramework2.SubmitOrderTest" name="submitOrder" time="3.312"/>
  <testcase classname="Suhasiniraj.SeleniumFramework2.SubmitOrderTest" name="OrderHistoryTest" time="0.503"/>
</testsuite> <!-- SubmitOrderTest -->
