<?xml version="1.0" encoding="UTF-8"?>
<!-- Generated by org.testng.reporters.JUnitXMLReporter -->
<testsuite ignored="0" hostname="Suhasini_Raj" failures="0" tests="3" name="SubmitOrderTest" time="19.744" errors="0" timestamp="2024-04-22T22:48:13 IST">
  <testcase classname="Suhasiniraj.SeleniumFramework2.SubmitOrderTest" name="submitOrder" time="4.132"/>
  <testcase classname="Suhasiniraj.SeleniumFramework2.SubmitOrderTest" name="submitOrder" time="4.118"/>
  <testcase classname="Suhasiniraj.SeleniumFramework2.SubmitOrderTest" name="OrderHistoryTest" time="0.831"/>
</testsuite> <!-- SubmitOrderTest -->
